2025-12-12 13:40:03 INFO  Version - HV000001: Hibernate Validator 8.0.0.Final
2025-12-12 13:40:03 INFO  SpringappApplication - Starting SpringappApplication v0.0.1-SNAPSHOT using Java 24.0.2 with PID 17436 (C:\Users\ASUS\Downloads\SmartMart-main\SmartMart-main\springapp\target\springapp-0.0.1-SNAPSHOT.jar started by ASUS in C:\Users\ASUS\Downloads\SmartMart-main\SmartMart-main)
2025-12-12 13:40:03 INFO  SpringappApplication - No active profile set, falling back to 1 default profile: "default"
2025-12-12 13:40:05 INFO  RepositoryConfigurationDelegate - Bootstrapping Spring Data JPA repositories in DEFAULT mode.
2025-12-12 13:40:05 INFO  RepositoryConfigurationDelegate - Finished Spring Data repository scanning in 59 ms. Found 4 JPA repository interfaces.
2025-12-12 13:40:05 INFO  PostProcessorRegistrationDelegate$BeanPostProcessorChecker - Bean 'org.springframework.ws.config.annotation.DelegatingWsConfiguration' of type [org.springframework.ws.config.annotation.DelegatingWsConfiguration$$SpringCGLIB$$0] is not eligible for getting processed by all BeanPostProcessors (for example: not eligible for auto-proxying)
2025-12-12 13:40:05 INFO  AnnotationActionEndpointMapping - Supporting [WS-Addressing August 2004, WS-Addressing 1.0]
2025-12-12 13:40:06 INFO  TomcatWebServer - Tomcat initialized with port(s): 8080 (http)
2025-12-12 13:40:06 INFO  Http11NioProtocol - Initializing ProtocolHandler ["http-nio-8080"]
2025-12-12 13:40:06 INFO  StandardService - Starting service [Tomcat]
2025-12-12 13:40:06 INFO  StandardEngine - Starting Servlet engine: [Apache Tomcat/10.1.4]
2025-12-12 13:40:06 INFO  [/] - Initializing Spring embedded WebApplicationContext
2025-12-12 13:40:06 INFO  ServletWebServerApplicationContext - Root WebApplicationContext: initialization completed in 2617 ms
2025-12-12 13:40:06 INFO  HikariDataSource - HikariPool-1 - Starting...
2025-12-12 13:40:06 INFO  HikariPool - HikariPool-1 - Added connection conn0: url=jdbc:h2:mem:testdb user=SA
2025-12-12 13:40:06 INFO  HikariDataSource - HikariPool-1 - Start completed.
2025-12-12 13:40:06 INFO  H2ConsoleAutoConfiguration - H2 console available at '/h2-console'. Database available at 'jdbc:h2:mem:testdb'
2025-12-12 13:40:06 INFO  LogHelper - HHH000204: Processing PersistenceUnitInfo [name: default]
2025-12-12 13:40:06 INFO  Version - HHH000412: Hibernate ORM core version 6.1.6.Final
2025-12-12 13:40:07 WARN  deprecation - HHH90000021: Encountered deprecated setting [javax.persistence.sharedCache.mode], use [jakarta.persistence.sharedCache.mode] instead
2025-12-12 13:40:07 INFO  SQL dialect - HHH000400: Using dialect: org.hibernate.dialect.H2Dialect
2025-12-12 13:40:08 DEBUG SQL - 
    
    create table feedback (
       feedback_id bigint generated by default as identity,
        message varchar(500),
        rating integer not null check (rating>=1 AND rating<=5),
        user_id bigint,
        primary key (feedback_id)
    )
2025-12-12 13:40:08 DEBUG SQL - 
    
    create table order_products (
       order_id bigint not null,
        product_id bigint not null
    )
2025-12-12 13:40:08 DEBUG SQL - 
    
    create table orders (
       order_id bigint generated by default as identity,
        created_at timestamp(6),
        quantity integer not null check (quantity>=1),
        shipping_address varchar(255),
        status varchar(255),
        total_amount float(53) not null,
        updated_at timestamp(6),
        user_id bigint not null,
        primary key (order_id)
    )
2025-12-12 13:40:08 DEBUG SQL - 
    
    create table product (
       product_id bigint generated by default as identity,
        category varchar(255),
        created_at timestamp(6),
        description varchar(4500),
        name varchar(100),
        photo_image TEXT,
        price float(53) not null,
        stock integer not null check (stock>=0),
        updated_at timestamp(6),
        user_id bigint,
        primary key (product_id)
    )
2025-12-12 13:40:08 DEBUG SQL - 
    
    create table "user" (
       user_id bigint generated by default as identity,
        email varchar(255),
        mobile_number varchar(255),
        password varchar(255),
        user_role varchar(255),
        username varchar(255),
        primary key (user_id)
    )
2025-12-12 13:40:08 DEBUG SQL - 
    
    alter table if exists feedback 
       add constraint FK6xn6ah744nvjpnblisld6i3o1 
       foreign key (user_id) 
       references "user"
2025-12-12 13:40:08 DEBUG SQL - 
    
    alter table if exists order_products 
       add constraint FKb7sieybjsoa6140mh8fsqnge8 
       foreign key (product_id) 
       references product
2025-12-12 13:40:08 DEBUG SQL - 
    
    alter table if exists order_products 
       add constraint FKawxpt1ns1sr7al76nvjkv21of 
       foreign key (order_id) 
       references orders
2025-12-12 13:40:08 DEBUG SQL - 
    
    alter table if exists orders 
       add constraint FKgj6qg9p2bi6csya9xy00rvgik 
       foreign key (user_id) 
       references "user"
2025-12-12 13:40:08 DEBUG SQL - 
    
    alter table if exists product 
       add constraint FKrdm347otg7es905rv4wyi2eee 
       foreign key (user_id) 
       references "user"
2025-12-12 13:40:08 INFO  JtaPlatformInitiator - HHH000490: Using JtaPlatform implementation: [org.hibernate.engine.transaction.jta.platform.internal.NoJtaPlatform]
2025-12-12 13:40:08 INFO  LocalContainerEntityManagerFactoryBean - Initialized JPA EntityManagerFactory for persistence unit 'default'
2025-12-12 13:40:10 WARN  JpaBaseConfiguration$JpaWebConfiguration - spring.jpa.open-in-view is enabled by default. Therefore, database queries may be performed during view rendering. Explicitly configure spring.jpa.open-in-view to disable this warning
2025-12-12 13:40:10 INFO  DefaultSecurityFilterChain - Will secure any request with [org.springframework.security.web.session.DisableEncodeUrlFilter@4f2ac7e0, org.springframework.security.web.context.request.async.WebAsyncManagerIntegrationFilter@2484dbb7, org.springframework.security.web.context.SecurityContextHolderFilter@508ad266, org.springframework.security.web.header.HeaderWriterFilter@45037e16, org.springframework.web.filter.CorsFilter@111cba40, org.springframework.security.web.authentication.logout.LogoutFilter@42c12b3e, com.examly.springapp.config.JwtAuthenticationFilter@221a2068, org.springframework.security.web.authentication.www.BasicAuthenticationFilter@794240e2, org.springframework.security.web.savedrequest.RequestCacheAwareFilter@216372b7, org.springframework.security.web.servletapi.SecurityContextHolderAwareRequestFilter@14b4340c, org.springframework.security.web.authentication.AnonymousAuthenticationFilter@48e41b5d, org.springframework.security.web.session.SessionManagementFilter@6222391a, org.springframework.security.web.access.ExceptionTranslationFilter@61359e87, org.springframework.security.web.access.intercept.AuthorizationFilter@3009eed7]
2025-12-12 13:40:11 INFO  Http11NioProtocol - Starting ProtocolHandler ["http-nio-8080"]
2025-12-12 13:40:11 INFO  TomcatWebServer - Tomcat started on port(s): 8080 (http) with context path ''
2025-12-12 13:40:11 INFO  SpringappApplication - Started SpringappApplication in 8.069 seconds (process running for 9.612)
2025-12-12 13:40:11 INFO  SpringappApplication - Application started successfully!
2025-12-12 13:49:24 INFO  [/] - Initializing Spring DispatcherServlet 'dispatcherServlet'
2025-12-12 13:49:24 INFO  DispatcherServlet - Initializing Servlet 'dispatcherServlet'
2025-12-12 13:49:24 INFO  DispatcherServlet - Completed initialization in 42 ms
2025-12-12 13:51:31 INFO  Version - HV000001: Hibernate Validator 8.0.0.Final
2025-12-12 13:51:31 INFO  SpringappApplication - Starting SpringappApplication v0.0.1-SNAPSHOT using Java 24.0.2 with PID 17472 (C:\Users\ASUS\Downloads\SmartMart-main\SmartMart-main\springapp\target\springapp-0.0.1-SNAPSHOT.jar started by ASUS in C:\Users\ASUS\Downloads\SmartMart-main\SmartMart-main)
2025-12-12 13:51:31 INFO  SpringappApplication - No active profile set, falling back to 1 default profile: "default"
2025-12-12 13:51:32 INFO  RepositoryConfigurationDelegate - Bootstrapping Spring Data JPA repositories in DEFAULT mode.
2025-12-12 13:51:32 INFO  RepositoryConfigurationDelegate - Finished Spring Data repository scanning in 67 ms. Found 4 JPA repository interfaces.
2025-12-12 13:51:33 INFO  PostProcessorRegistrationDelegate$BeanPostProcessorChecker - Bean 'org.springframework.ws.config.annotation.DelegatingWsConfiguration' of type [org.springframework.ws.config.annotation.DelegatingWsConfiguration$$SpringCGLIB$$0] is not eligible for getting processed by all BeanPostProcessors (for example: not eligible for auto-proxying)
2025-12-12 13:51:33 INFO  AnnotationActionEndpointMapping - Supporting [WS-Addressing August 2004, WS-Addressing 1.0]
2025-12-12 13:51:33 INFO  TomcatWebServer - Tomcat initialized with port(s): 8080 (http)
2025-12-12 13:51:33 INFO  Http11NioProtocol - Initializing ProtocolHandler ["http-nio-8080"]
2025-12-12 13:51:33 INFO  StandardService - Starting service [Tomcat]
2025-12-12 13:51:33 INFO  StandardEngine - Starting Servlet engine: [Apache Tomcat/10.1.4]
2025-12-12 13:51:34 INFO  [/] - Initializing Spring embedded WebApplicationContext
2025-12-12 13:51:34 INFO  ServletWebServerApplicationContext - Root WebApplicationContext: initialization completed in 2699 ms
2025-12-12 13:51:34 INFO  HikariDataSource - HikariPool-1 - Starting...
2025-12-12 13:51:34 INFO  HikariPool - HikariPool-1 - Added connection conn0: url=jdbc:h2:mem:testdb user=SA
2025-12-12 13:51:34 INFO  HikariDataSource - HikariPool-1 - Start completed.
2025-12-12 13:51:34 INFO  H2ConsoleAutoConfiguration - H2 console available at '/h2-console'. Database available at 'jdbc:h2:mem:testdb'
2025-12-12 13:51:34 INFO  LogHelper - HHH000204: Processing PersistenceUnitInfo [name: default]
2025-12-12 13:51:34 INFO  Version - HHH000412: Hibernate ORM core version 6.1.6.Final
2025-12-12 13:51:35 WARN  deprecation - HHH90000021: Encountered deprecated setting [javax.persistence.sharedCache.mode], use [jakarta.persistence.sharedCache.mode] instead
2025-12-12 13:51:35 INFO  SQL dialect - HHH000400: Using dialect: org.hibernate.dialect.H2Dialect
2025-12-12 13:51:36 DEBUG SQL - 
    
    create table feedback (
       feedback_id bigint generated by default as identity,
        message varchar(500),
        rating integer not null check (rating>=1 AND rating<=5),
        user_id bigint,
        primary key (feedback_id)
    )
2025-12-12 13:51:36 DEBUG SQL - 
    
    create table order_products (
       order_id bigint not null,
        product_id bigint not null
    )
2025-12-12 13:51:36 DEBUG SQL - 
    
    create table orders (
       order_id bigint generated by default as identity,
        created_at timestamp(6),
        quantity integer not null check (quantity>=1),
        shipping_address varchar(255),
        status varchar(255),
        total_amount float(53) not null,
        updated_at timestamp(6),
        user_id bigint not null,
        primary key (order_id)
    )
2025-12-12 13:51:36 DEBUG SQL - 
    
    create table product (
       product_id bigint generated by default as identity,
        category varchar(255),
        created_at timestamp(6),
        description varchar(4500),
        name varchar(100),
        photo_image TEXT,
        price float(53) not null,
        stock integer not null check (stock>=0),
        updated_at timestamp(6),
        user_id bigint,
        primary key (product_id)
    )
2025-12-12 13:51:36 DEBUG SQL - 
    
    create table "user" (
       user_id bigint generated by default as identity,
        email varchar(255),
        mobile_number varchar(255),
        password varchar(255),
        user_role varchar(255),
        username varchar(255),
        primary key (user_id)
    )
2025-12-12 13:51:36 DEBUG SQL - 
    
    alter table if exists feedback 
       add constraint FK6xn6ah744nvjpnblisld6i3o1 
       foreign key (user_id) 
       references "user"
2025-12-12 13:51:36 DEBUG SQL - 
    
    alter table if exists order_products 
       add constraint FKb7sieybjsoa6140mh8fsqnge8 
       foreign key (product_id) 
       references product
2025-12-12 13:51:36 DEBUG SQL - 
    
    alter table if exists order_products 
       add constraint FKawxpt1ns1sr7al76nvjkv21of 
       foreign key (order_id) 
       references orders
2025-12-12 13:51:36 DEBUG SQL - 
    
    alter table if exists orders 
       add constraint FKgj6qg9p2bi6csya9xy00rvgik 
       foreign key (user_id) 
       references "user"
2025-12-12 13:51:36 DEBUG SQL - 
    
    alter table if exists product 
       add constraint FKrdm347otg7es905rv4wyi2eee 
       foreign key (user_id) 
       references "user"
2025-12-12 13:51:36 INFO  JtaPlatformInitiator - HHH000490: Using JtaPlatform implementation: [org.hibernate.engine.transaction.jta.platform.internal.NoJtaPlatform]
2025-12-12 13:51:36 INFO  LocalContainerEntityManagerFactoryBean - Initialized JPA EntityManagerFactory for persistence unit 'default'
2025-12-12 13:51:37 WARN  JpaBaseConfiguration$JpaWebConfiguration - spring.jpa.open-in-view is enabled by default. Therefore, database queries may be performed during view rendering. Explicitly configure spring.jpa.open-in-view to disable this warning
2025-12-12 13:51:38 INFO  DefaultSecurityFilterChain - Will secure any request with [org.springframework.security.web.session.DisableEncodeUrlFilter@27898e13, org.springframework.security.web.context.request.async.WebAsyncManagerIntegrationFilter@4f5f474c, org.springframework.security.web.context.SecurityContextHolderFilter@12abcd1e, org.springframework.security.web.header.HeaderWriterFilter@d2708a7, org.springframework.web.filter.CorsFilter@58a3d521, org.springframework.security.web.authentication.logout.LogoutFilter@afde064, com.examly.springapp.config.JwtAuthenticationFilter@338766de, org.springframework.security.web.authentication.www.BasicAuthenticationFilter@48e41b5d, org.springframework.security.web.savedrequest.RequestCacheAwareFilter@1595d2b2, org.springframework.security.web.servletapi.SecurityContextHolderAwareRequestFilter@20349058, org.springframework.security.web.authentication.AnonymousAuthenticationFilter@14d8e132, org.springframework.security.web.session.SessionManagementFilter@2313db84, org.springframework.security.web.access.ExceptionTranslationFilter@6222391a, org.springframework.security.web.access.intercept.AuthorizationFilter@5a30722c]
2025-12-12 13:51:39 INFO  Http11NioProtocol - Starting ProtocolHandler ["http-nio-8080"]
2025-12-12 13:51:39 INFO  TomcatWebServer - Tomcat started on port(s): 8080 (http) with context path ''
2025-12-12 13:51:39 INFO  SpringappApplication - Started SpringappApplication in 8.375 seconds (process running for 9.633)
2025-12-12 13:51:39 INFO  SpringappApplication - Application started successfully!
